<?xml version="1.0" encoding="UTF-8"?>
<!-- Generated by org.testng.reporters.JUnitReportReporter -->
<testsuite hostname="Seachange-PC" name="CreateInspection.ChecklistTypeTest" tests="3" failures="0" timestamp="17 Aug 2017 12:44:28 GMT" time="69.206" errors="0">
  <testcase name="ChecklistTypeURL" time="6.906" classname="CreateInspection.ChecklistTypeTest"/>
  <testcase name="AddNewCategory" time="23.494" classname="CreateInspection.ChecklistTypeTest"/>
  <testcase name="AddNewGrade" time="38.806" classname="CreateInspection.ChecklistTypeTest"/>
</testsuite> <!-- CreateInspection.ChecklistTypeTest -->
