<?xml version="1.0" encoding="UTF-8"?>
<!-- Generated by org.testng.reporters.JUnitReportReporter -->
<testsuite hostname="Seachange-PC" name="create_Inspection.VesselInspectionTest" tests="3" failures="0" timestamp="18 Aug 2017 10:26:05 GMT" time="115.026" errors="0">
  <testcase name="VesselInspectionURL" time="7.043" classname="create_Inspection.VesselInspectionTest"/>
  <testcase name="SearchSchedule" time="23.708" classname="create_Inspection.VesselInspectionTest"/>
  <testcase name="AddJobs" time="84.275" classname="create_Inspection.VesselInspectionTest"/>
</testsuite> <!-- create_Inspection.VesselInspectionTest -->
