<?xml version="1.0" encoding="UTF-8"?>
<!-- Generated by org.testng.reporters.JUnitReportReporter -->
<testsuite hostname="Seachange-PC" name="CreateInspection.InspectionChecklistTest" tests="2" failures="0" timestamp="18 Aug 2017 05:33:20 GMT" time="94.674" errors="0">
  <testcase name="InspectionChecklistURL" time="6.824" classname="CreateInspection.InspectionChecklistTest"/>
  <testcase name="ChecklistDetails" time="87.850" classname="CreateInspection.InspectionChecklistTest"/>
</testsuite> <!-- CreateInspection.InspectionChecklistTest -->
